DEBUG:terminal:getOutput:input: a
DEBUG:extractor:filter_match:max_ratio: 33
DEBUG:extractor:filter_match:target_app is gnome-terminal
DEBUG:extractor:filter_match:command is ['PASTE', 'shift+ctrl+v']
WARNING:extractor:extract:Extractor: Command not clear! Please try again.
DEBUG:terminal:getOutput:input: b
DEBUG:extractor:filter_match:max_ratio: 25
DEBUG:extractor:filter_match:target_app is gnome-terminal
DEBUG:extractor:filter_match:command is ['NEW TAB', 'shift+ctrl+t']
WARNING:extractor:extract:Extractor: Command not clear! Please try again.
DEBUG:terminal:getOutput:input: c
DEBUG:extractor:filter_match:max_ratio: 40
DEBUG:extractor:filter_match:target_app is gnome-terminal
DEBUG:extractor:filter_match:command is ['COPY', 'shift+ctrl+c']
WARNING:extractor:extract:Extractor: Command not clear! Please try again.
DEBUG:terminal:getOutput:input: code
DEBUG:terminal:getOutput:input: file and
DEBUG:extractor:filter_match:max_ratio: 53
DEBUG:extractor:filter_match:target_app is code
DEBUG:extractor:filter_match:command is ['INDENT LINE', 'ctrl+bracketright']
WARNING:extractor:extract:Extractor: Command not clear! Please try again.
DEBUG:terminal:getOutput:input: firefox
DEBUG:terminal:getOutput:input: code
DEBUG:terminal:getOutput:input: firefox
DEBUG:terminal:getOutput:input: code
DEBUG:terminal:getOutput:input: view firefox tab
DEBUG:extractor:filter_match:max_ratio: 50
DEBUG:extractor:filter_match:target_app is firefox
DEBUG:extractor:filter_match:command is ['SAVE', 'ctrl+s']
WARNING:extractor:extract:Extractor: Command not clear! Please try again.
DEBUG:terminal:getOutput:input: view firefox tab
DEBUG:extractor:filter_match:max_ratio: 50
DEBUG:extractor:filter_match:target_app is firefox
DEBUG:extractor:filter_match:command is ['SAVE', 'ctrl+s']
WARNING:extractor:extract:Extractor: Command not clear! Please try again.
DEBUG:terminal:getOutput:input: view firefox tab
DEBUG:extractor:filter_match:max_ratio: 50
DEBUG:extractor:filter_match:target_app is firefox
DEBUG:extractor:filter_match:command is ['SAVE', 'ctrl+s']
WARNING:extractor:extract:Extractor: Command not clear! Please try again.
DEBUG:terminal:getOutput:input: firefox view tab
DEBUG:extractor:filter_match:max_ratio: 50
DEBUG:extractor:filter_match:target_app is firefox
DEBUG:extractor:filter_match:command is ['SAVE', 'ctrl+s']
WARNING:extractor:extract:Extractor: Command not clear! Please try again.
DEBUG:terminal:getOutput:input: firefox
DEBUG:terminal:getOutput:input: new tab
DEBUG:extractor:filter_match:max_ratio: 100
DEBUG:extractor:filter_match:target_app is firefox
DEBUG:extractor:filter_match:command is ['NEW TAB', 'ctrl+t']
DEBUG:terminal:getOutput:input: close tab
DEBUG:extractor:filter_match:max_ratio: 100
DEBUG:extractor:filter_match:target_app is firefox
DEBUG:extractor:filter_match:command is ['CLOSE TAB', 'ctrl+w']
DEBUG:terminal:getOutput:input: code
DEBUG:terminal:getOutput:input: firefox
DEBUG:terminal:getOutput:input: page down
DEBUG:extractor:filter_match:max_ratio: 100
DEBUG:extractor:filter_match:target_app is firefox
DEBUG:extractor:filter_match:command is ['PAGE DOWN', 'Page_Down']
DEBUG:terminal:getOutput:input: full screen
DEBUG:extractor:filter_match:max_ratio: 100
DEBUG:extractor:filter_match:target_app is firefox
DEBUG:extractor:filter_match:command is ['FULL SCREEN', 'F11']
DEBUG:terminal:getOutput:input: full screen
DEBUG:extractor:filter_match:max_ratio: 100
DEBUG:extractor:filter_match:target_app is firefox
DEBUG:extractor:filter_match:command is ['FULL SCREEN', 'F11']
DEBUG:terminal:getOutput:input: page down
DEBUG:extractor:filter_match:max_ratio: 100
DEBUG:extractor:filter_match:target_app is firefox
DEBUG:extractor:filter_match:command is ['PAGE DOWN', 'Page_Down']
DEBUG:terminal:getOutput:input: page down
DEBUG:extractor:filter_match:max_ratio: 100
DEBUG:extractor:filter_match:target_app is firefox
DEBUG:extractor:filter_match:command is ['PAGE DOWN', 'Page_Down']
DEBUG:terminal:getOutput:input: page down
DEBUG:extractor:filter_match:max_ratio: 100
DEBUG:extractor:filter_match:target_app is firefox
DEBUG:extractor:filter_match:command is ['PAGE DOWN', 'Page_Down']
DEBUG:terminal:getOutput:input: page down
DEBUG:extractor:filter_match:max_ratio: 100
DEBUG:extractor:filter_match:target_app is firefox
DEBUG:extractor:filter_match:command is ['PAGE DOWN', 'Page_Down']
DEBUG:terminal:getOutput:input: page down
DEBUG:extractor:filter_match:max_ratio: 100
DEBUG:extractor:filter_match:target_app is firefox
DEBUG:extractor:filter_match:command is ['PAGE DOWN', 'Page_Down']
DEBUG:terminal:getOutput:input: page down
DEBUG:extractor:filter_match:max_ratio: 100
DEBUG:extractor:filter_match:target_app is firefox
DEBUG:extractor:filter_match:command is ['PAGE DOWN', 'Page_Down']
DEBUG:terminal:getOutput:input: code
DEBUG:terminal:getOutput:input: focus
WARNING:window_manager:focus:WindowManager:?is not open to be focused.
DEBUG:terminal:getOutput:input: terminal
DEBUG:terminal:getOutput:input: firefox
DEBUG:terminal:getOutput:input: page down
DEBUG:extractor:filter_match:max_ratio: 100
DEBUG:extractor:filter_match:target_app is firefox
DEBUG:extractor:filter_match:command is ['PAGE DOWN', 'Page_Down']
DEBUG:terminal:getOutput:input: page down
DEBUG:extractor:filter_match:max_ratio: 100
DEBUG:extractor:filter_match:target_app is firefox
DEBUG:extractor:filter_match:command is ['PAGE DOWN', 'Page_Down']
DEBUG:terminal:getOutput:input: page down
DEBUG:extractor:filter_match:max_ratio: 100
DEBUG:extractor:filter_match:target_app is firefox
DEBUG:extractor:filter_match:command is ['PAGE DOWN', 'Page_Down']
DEBUG:terminal:getOutput:input: down
DEBUG:extractor:filter_match:max_ratio: 100
DEBUG:extractor:filter_match:target_app is firefox
DEBUG:extractor:filter_match:command is ['DOWN', 'Down']
DEBUG:terminal:getOutput:input: down
DEBUG:extractor:filter_match:max_ratio: 100
DEBUG:extractor:filter_match:target_app is firefox
DEBUG:extractor:filter_match:command is ['DOWN', 'Down']
DEBUG:terminal:getOutput:input: page down
DEBUG:extractor:filter_match:max_ratio: 100
DEBUG:extractor:filter_match:target_app is firefox
DEBUG:extractor:filter_match:command is ['PAGE DOWN', 'Page_Down']
DEBUG:terminal:getOutput:input: page down
DEBUG:extractor:filter_match:max_ratio: 100
DEBUG:extractor:filter_match:target_app is firefox
DEBUG:extractor:filter_match:command is ['PAGE DOWN', 'Page_Down']
DEBUG:terminal:getOutput:input: keep up
DEBUG:extractor:filter_match:max_ratio: 57
DEBUG:extractor:filter_match:target_app is firefox
DEBUG:extractor:filter_match:command is ['PAGE UP', 'Page_Up']
WARNING:extractor:extract:Extractor: Command not clear! Please try again.
DEBUG:terminal:getOutput:input: page up
DEBUG:extractor:filter_match:max_ratio: 100
DEBUG:extractor:filter_match:target_app is firefox
DEBUG:extractor:filter_match:command is ['PAGE UP', 'Page_Up']
DEBUG:terminal:getOutput:input: page down
DEBUG:extractor:filter_match:max_ratio: 100
DEBUG:extractor:filter_match:target_app is firefox
DEBUG:extractor:filter_match:command is ['PAGE DOWN', 'Page_Down']
DEBUG:terminal:getOutput:input: page down
DEBUG:extractor:filter_match:max_ratio: 100
DEBUG:extractor:filter_match:target_app is firefox
DEBUG:extractor:filter_match:command is ['PAGE DOWN', 'Page_Down']
DEBUG:terminal:getOutput:input: page down
DEBUG:extractor:filter_match:max_ratio: 100
DEBUG:extractor:filter_match:target_app is firefox
DEBUG:extractor:filter_match:command is ['PAGE DOWN', 'Page_Down']
DEBUG:terminal:getOutput:input: page down
DEBUG:extractor:filter_match:max_ratio: 100
DEBUG:extractor:filter_match:target_app is firefox
DEBUG:extractor:filter_match:command is ['PAGE DOWN', 'Page_Down']
DEBUG:terminal:getOutput:input: page down
DEBUG:extractor:filter_match:max_ratio: 100
DEBUG:extractor:filter_match:target_app is firefox
DEBUG:extractor:filter_match:command is ['PAGE DOWN', 'Page_Down']
DEBUG:terminal:getOutput:input: code
DEBUG:terminal:getOutput:input: close
DEBUG:extractor:filter_match:max_ratio: 100
DEBUG:extractor:filter_match:target_app is code
DEBUG:extractor:filter_match:command is ['CLOSE', 'ctrl+w']
DEBUG:terminal:getOutput:input: page down
DEBUG:extractor:filter_match:max_ratio: 100
DEBUG:extractor:filter_match:target_app is code
DEBUG:extractor:filter_match:command is ['PAGE DOWN', 'alt+Page_Down']
DEBUG:terminal:getOutput:input: terminal
DEBUG:terminal:getOutput:input: firefox
DEBUG:terminal:getOutput:input: page
DEBUG:extractor:filter_match:max_ratio: 73
DEBUG:extractor:filter_match:target_app is firefox
DEBUG:extractor:filter_match:command is ['PAGE UP', 'Page_Up']
WARNING:extractor:extract:Extractor: Command not clear! Please try again.
DEBUG:terminal:getOutput:input: page down
DEBUG:extractor:filter_match:max_ratio: 100
DEBUG:extractor:filter_match:target_app is firefox
DEBUG:extractor:filter_match:command is ['PAGE DOWN', 'Page_Down']
DEBUG:terminal:getOutput:input: close wrap
DEBUG:extractor:filter_match:max_ratio: 74
DEBUG:extractor:filter_match:target_app is firefox
DEBUG:extractor:filter_match:command is ['CLOSE TAB', 'ctrl+w']
WARNING:extractor:extract:Extractor: Command not clear! Please try again.
DEBUG:terminal:getOutput:input: firefox
DEBUG:terminal:getOutput:input: close tab
DEBUG:extractor:filter_match:max_ratio: 100
DEBUG:extractor:filter_match:target_app is firefox
DEBUG:extractor:filter_match:command is ['CLOSE TAB', 'ctrl+w']
DEBUG:terminal:getOutput:input: exit
INFO:vaac_terminal:output:Exiting...
